<?xml version="1.0" encoding="UTF-8"?>
<!-- Generated by org.testng.reporters.JUnitReportReporter -->
<testsuite hostname="Keshav" failures="0" tests="1" name="seleniumproject.Test.submitorderTest" time="26.892" errors="0" timestamp="2024-08-31T12:18:14 IST" skipped="0">
  <testcase classname="seleniumproject.Test.submitorderTest" name="submitOrder" time="26.892"/>
</testsuite> <!-- seleniumproject.Test.submitorderTest -->
