<?xml version="1.0" encoding="UTF-8"?>
<!-- Generated by org.testng.reporters.JUnitReportReporter -->
<testsuite hostname="Keshav" failures="0" tests="2" name="seleniumproject.testNg" time="0.012" errors="0" timestamp="2024-08-28T17:18:52 IST" skipped="0">
  <testcase classname="seleniumproject.testNg" name="Demo" time="0.009"/>
  <testcase classname="seleniumproject.testNg" name="Demo1" time="0.003"/>
</testsuite> <!-- seleniumproject.testNg -->
